0 info it worked if it ends with ok
1 verbose cli [ '/usr/local/bin/node', '/usr/local/bin/npm', 'run', 'test' ]
2 info using npm@4.1.2
3 info using node@v7.5.0
4 verbose run-script [ 'pretest', 'test', 'posttest' ]
5 info lifecycle TheForemanDevDeps@1.15.0~pretest: TheForemanDevDeps@1.15.0
6 silly lifecycle TheForemanDevDeps@1.15.0~pretest: no script for pretest, continuing
7 info lifecycle TheForemanDevDeps@1.15.0~test: TheForemanDevDeps@1.15.0
8 verbose lifecycle TheForemanDevDeps@1.15.0~test: unsafe-perm in lifecycle true
9 verbose lifecycle TheForemanDevDeps@1.15.0~test: PATH: /usr/local/lib/node_modules/npm/bin/node-gyp-bin:/home/matan/foreman/node_modules/.bin:/usr/lib64/qt-3.3/bin:/home/matan/.rvm/gems/ruby-2.2.6@foreman/bin:/home/matan/.rvm/gems/ruby-2.2.6@global/bin:/home/matan/.rvm/rubies/ruby-2.2.6/bin:/usr/local/bin:/usr/local/sbin:/usr/bin:/usr/sbin:/home/matan/.rvm/bin:/home/matan/.rvm/bin:/home/matan/bin:/home/matan/bin
10 verbose lifecycle TheForemanDevDeps@1.15.0~test: CWD: /home/matan/foreman
11 silly lifecycle TheForemanDevDeps@1.15.0~test: Args: [ '-c', 'node --harmony_proxies node_modules/.bin/jest' ]
12 silly lifecycle TheForemanDevDeps@1.15.0~test: Returned: code: 9  signal: null
13 info lifecycle TheForemanDevDeps@1.15.0~test: Failed to exec test script
14 verbose stack Error: TheForemanDevDeps@1.15.0 test: `node --harmony_proxies node_modules/.bin/jest`
14 verbose stack Exit status 9
14 verbose stack     at EventEmitter.<anonymous> (/usr/local/lib/node_modules/npm/lib/utils/lifecycle.js:279:16)
14 verbose stack     at emitTwo (events.js:106:13)
14 verbose stack     at EventEmitter.emit (events.js:192:7)
14 verbose stack     at ChildProcess.<anonymous> (/usr/local/lib/node_modules/npm/lib/utils/spawn.js:40:14)
14 verbose stack     at emitTwo (events.js:106:13)
14 verbose stack     at ChildProcess.emit (events.js:192:7)
14 verbose stack     at maybeClose (internal/child_process.js:890:16)
14 verbose stack     at Process.ChildProcess._handle.onexit (internal/child_process.js:226:5)
15 verbose pkgid TheForemanDevDeps@1.15.0
16 verbose cwd /home/matan/foreman
17 error Linux 4.9.13-100.fc24.x86_64
18 error argv "/usr/local/bin/node" "/usr/local/bin/npm" "run" "test"
19 error node v7.5.0
20 error npm  v4.1.2
21 error code ELIFECYCLE
22 error TheForemanDevDeps@1.15.0 test: `node --harmony_proxies node_modules/.bin/jest`
22 error Exit status 9
23 error Failed at the TheForemanDevDeps@1.15.0 test script 'node --harmony_proxies node_modules/.bin/jest'.
23 error Make sure you have the latest version of node.js and npm installed.
23 error If you do, this is most likely a problem with the TheForemanDevDeps package,
23 error not with npm itself.
23 error Tell the author that this fails on your system:
23 error     node --harmony_proxies node_modules/.bin/jest
23 error You can get information on how to open an issue for this project with:
23 error     npm bugs TheForemanDevDeps
23 error Or if that isn't available, you can get their info via:
23 error     npm owner ls TheForemanDevDeps
23 error There is likely additional logging output above.
24 verbose exit [ 1, true ]
